<?xml version="1.0" encoding="UTF-8"?>
<!-- Generated by org.testng.reporters.JUnitReportReporter -->
<testsuite hostname="DESKTOP-6EA9O54" name="DataProviderAddBody" tests="3" failures="0" timestamp="23 Jun 2020 15:31:20 GMT" time="5.443" errors="0">
  <testcase name="postLibraryAPI" time="0.424" classname="DataProviderAddBody"/>
  <testcase name="postLibraryAPI" time="4.702" classname="DataProviderAddBody"/>
  <testcase name="postLibraryAPI" time="0.317" classname="DataProviderAddBody"/>
</testsuite> <!-- DataProviderAddBody -->
