<?xml version="1.0" encoding="UTF-8"?>
<!-- Generated by org.testng.reporters.JUnitReportReporter -->
<testsuite hostname="CDC2-D-DDHVFD2" name="NotepadJson" tests="1" failures="0" timestamp="22 Jun 2020 13:44:50 GMT" time="3.683" errors="0">
  <testcase name="postLibraryAPI" time="3.683" classname="NotepadJson"/>
</testsuite> <!-- NotepadJson -->
