<?xml version="1.0" encoding="UTF-8"?>
<!-- Generated by org.testng.reporters.JUnitReportReporter -->
<testsuite hostname="CDC2-D-DDHVFD2" name="AddBook" tests="1" failures="0" timestamp="22 Jun 2020 05:11:24 GMT" time="4.087" errors="0">
  <testcase name="postLibraryAPI" time="4.087" classname="AddBook"/>
</testsuite> <!-- AddBook -->
